  stdafx.cpp
  phaser-analysis.cpp
phaser-analysis.cpp(33): warning C4018: “<”: 有符号/无符号不匹配
phaser-analysis.cpp(42): warning C4018: “<”: 有符号/无符号不匹配
phaser-analysis.cpp(70): warning C4018: “<”: 有符号/无符号不匹配
phaser-analysis.cpp(88): warning C4018: “<”: 有符号/无符号不匹配
phaser-analysis.cpp(93): warning C4018: “<”: 有符号/无符号不匹配
phaser-analysis.cpp(103): warning C4018: “<”: 有符号/无符号不匹配
phaser-analysis.cpp(110): warning C4018: “<”: 有符号/无符号不匹配
phaser-analysis.cpp(120): warning C4018: “<”: 有符号/无符号不匹配
phaser-analysis.cpp(123): warning C4018: “<”: 有符号/无符号不匹配
phaser-analysis.cpp(208): warning C4018: “<”: 有符号/无符号不匹配
phaser-analysis.cpp(210): warning C4018: “<”: 有符号/无符号不匹配
phaser-analysis.cpp(218): warning C4018: “<”: 有符号/无符号不匹配
phaser-analysis.cpp(220): warning C4018: “<”: 有符号/无符号不匹配
phaser-analysis.cpp(225): warning C4018: “<”: 有符号/无符号不匹配
phaser-analysis.cpp(234): warning C4018: “<”: 有符号/无符号不匹配
phaser-analysis.cpp(244): warning C4018: “<”: 有符号/无符号不匹配
phaser-analysis.cpp(249): warning C4018: “<”: 有符号/无符号不匹配
phaser-analysis.cpp(271): warning C4018: “<”: 有符号/无符号不匹配
phaser-analysis.cpp(274): warning C4018: “<”: 有符号/无符号不匹配
phaser-analysis.cpp(278): warning C4018: “<”: 有符号/无符号不匹配
phaser-analysis.cpp(282): warning C4018: “<”: 有符号/无符号不匹配
phaser-analysis.cpp(295): warning C4018: “<”: 有符号/无符号不匹配
phaser-analysis.cpp(297): warning C4018: “<”: 有符号/无符号不匹配
phaser-analysis.cpp(306): warning C4018: “<”: 有符号/无符号不匹配
phaser-analysis.cpp(308): warning C4018: “<”: 有符号/无符号不匹配
phaser-analysis.cpp(313): warning C4018: “<”: 有符号/无符号不匹配
phaser-analysis.cpp(322): warning C4018: “<”: 有符号/无符号不匹配
phaser-analysis.cpp(333): warning C4018: “<”: 有符号/无符号不匹配
phaser-analysis.cpp(339): warning C4018: “<”: 有符号/无符号不匹配
phaser-analysis.cpp(390): warning C4018: “<”: 有符号/无符号不匹配
phaser-analysis.cpp(394): warning C4018: “<”: 有符号/无符号不匹配
phaser-analysis.cpp(415): warning C4018: “<”: 有符号/无符号不匹配
phaser-analysis.cpp(424): warning C4018: “<”: 有符号/无符号不匹配
phaser-analysis.cpp(426): warning C4018: “<”: 有符号/无符号不匹配
phaser-analysis.cpp(429): warning C4018: “<”: 有符号/无符号不匹配
phaser-analysis.cpp(433): warning C4018: “<”: 有符号/无符号不匹配
phaser-analysis.cpp(447): warning C4018: “<”: 有符号/无符号不匹配
phaser-analysis.cpp(483): warning C4018: “<”: 有符号/无符号不匹配
phaser-analysis.cpp(491): warning C4018: “<”: 有符号/无符号不匹配
phaser-analysis.cpp(495): warning C4018: “<”: 有符号/无符号不匹配
phaser-analysis.cpp(502): warning C4018: “<”: 有符号/无符号不匹配
phaser-analysis.cpp(509): warning C4018: “<”: 有符号/无符号不匹配
  正在生成代码
  All 782 functions were compiled because no usable IPDB/IOBJ from previous compilation was found.
  已完成代码的生成
  phaser-analysis.vcxproj -> C:\Users\Tom\Desktop\编译原理\My编译器-test2(include TIME)\phaser-analysis\phaser-analysis\Release\phaser-analysis.exe
